#
# There is insufficient memory for the Java Runtime Environment to continue.
# Native memory allocation (malloc) failed to allocate 1048576 bytes for AllocateHeap
# Possible reasons:
#   The system is out of physical RAM or swap space
#   In 32 bit mode, the process size limit was hit
# Possible solutions:
#   Reduce memory load on the system
#   Increase physical memory or swap space
#   Check if swap backing store is full
#   Use 64 bit Java on a 64 bit OS
#   Decrease Java heap size (-Xmx/-Xms)
#   Decrease number of Java threads
#   Decrease Java thread stack sizes (-Xss)
#   Set larger code cache with -XX:ReservedCodeCacheSize=
# This output file may be truncated or incomplete.
#
#  Out of Memory Error (memory/allocation.inline.hpp:61), pid=10476, tid=4820
#
# JRE version:  (7.0_60-b19) (build )
# Java VM: Java HotSpot(TM) 64-Bit Server VM (24.60-b09 mixed mode windows-amd64 compressed oops)
# Failed to write core dump. Minidumps are not enabled by default on client versions of Windows
#

---------------  T H R E A D  ---------------

Current thread (0x000000000284d800):  JavaThread "Unknown thread" [_thread_in_vm, id=4820, stack(0x0000000002730000,0x0000000002830000)]

Stack: [0x0000000002730000,0x0000000002830000]
[error occurred during error reporting (printing stack bounds), id 0xc0000005]


---------------  P R O C E S S  ---------------

Java Threads: ( => current thread )

Other Threads:

=>0x000000000284d800 (exited) JavaThread "Unknown thread" [_thread_in_vm, id=4820, stack(0x0000000002730000,0x0000000002830000)]

VM state:not at safepoint (normal execution)

VM Mutex/Monitor currently owned by a thread: None

Heap
 PSYoungGen      total 76800K, used 1321K [0x00000000eaa80000, 0x00000000f0000000, 0x0000000100000000)
  eden space 66048K, 2% used [0x00000000eaa80000,0x00000000eabca440,0x00000000eeb00000)
  from space 10752K, 0% used [0x00000000ef580000,0x00000000ef580000,0x00000000f0000000)
  to   space 10752K, 0% used [0x00000000eeb00000,0x00000000eeb00000,0x00000000ef580000)
 ParOldGen       total 174080K, used 0K [0x00000000c0000000, 0x00000000caa00000, 0x00000000eaa80000)
  object space 174080K, 0% used [0x00000000c0000000,0x00000000c0000000,0x00000000caa00000)
 PSPermGen       total 21504K, used 676K [0x00000000bae00000, 0x00000000bc300000, 0x00000000c0000000)
  object space 21504K, 3% used [0x00000000bae00000,0x00000000baea9390,0x00000000bc300000)

Card table byte_map: [0x0000000005a10000,0x0000000005c40000] byte_map_base: 0x0000000005439000

Polling page: 0x0000000000e90000

Code Cache  [0x0000000002950000, 0x0000000002bc0000, 0x0000000005950000)
 total_blobs=37 nmethods=0 adapters=20 free_code_cache=48890Kb largest_free_block=50063104

Compilation events (0 events):
No events

GC Heap History (0 events):
No events

Deoptimization events (0 events):
No events

Internal exceptions (0 events):
No events

Events (10 events):
Event: 0.044 loading class 0x00000000028a0340
Event: 0.044 loading class 0x00000000028a0340 done
Event: 0.044 loading class 0x00000000028a0390
Event: 0.045 loading class 0x00000000028a0390 done
Event: 0.045 loading class 0x00000000028a03e0
Event: 0.045 loading class 0x00000000028a03e0 done
Event: 0.045 loading class 0x00000000028a1140
Event: 0.046 loading class 0x00000000028a1140 done
Event: 0.046 loading class 0x00000000028a0d60
Event: 0.046 loading class 0x00000000028a0d60 done


Dynamic libraries:
0x00007ff6c0da0000 - 0x00007ff6c0dd3000 	C:\PROGRA~1\Java\jre7\bin\java.exe
0x00007ffacf6a0000 - 0x00007ffacf846000 	C:\WINDOWS\SYSTEM32\ntdll.dll
0x00007fface760000 - 0x00007fface89a000 	C:\WINDOWS\system32\KERNEL32.DLL
0x00007ffaccae0000 - 0x00007ffaccbef000 	C:\WINDOWS\system32\KERNELBASE.dll
0x000000006be40000 - 0x000000006bed2000 	C:\Program Files\Bitdefender\Bitdefender\Active Virus Control\Avc3_00270_037\avcuf64.dll
0x00007ffacb430000 - 0x00007ffacb4b8000 	C:\WINDOWS\system32\apphelp.dll
0x00007ffaa7c40000 - 0x00007ffaa7c8f000 	C:\WINDOWS\AppPatch\AppPatch64\AcGenral.DLL
0x00007ffacf5e0000 - 0x00007ffacf687000 	C:\WINDOWS\system32\msvcrt.dll
0x00007ffacc850000 - 0x00007ffacc87b000 	C:\WINDOWS\SYSTEM32\SspiCli.dll
0x00007ffacf330000 - 0x00007ffacf381000 	C:\WINDOWS\system32\SHLWAPI.dll
0x00007ffacf050000 - 0x00007ffacf1c1000 	C:\WINDOWS\system32\USER32.dll
0x00007ffaccf80000 - 0x00007ffacd0f8000 	C:\WINDOWS\system32\ole32.dll
0x00007ffacd160000 - 0x00007fface56f000 	C:\WINDOWS\system32\SHELL32.dll
0x00007ffacc380000 - 0x00007ffacc39e000 	C:\WINDOWS\SYSTEM32\USERENV.dll
0x00007ffacf280000 - 0x00007ffacf325000 	C:\WINDOWS\system32\ADVAPI32.dll
0x00007ffac49c0000 - 0x00007ffac49db000 	C:\WINDOWS\SYSTEM32\MPR.dll
0x00007ffacf390000 - 0x00007ffacf4c7000 	C:\WINDOWS\system32\RPCRT4.dll
0x00007ffacea40000 - 0x00007ffacea97000 	C:\WINDOWS\SYSTEM32\sechost.dll
0x00007fface580000 - 0x00007fface756000 	C:\WINDOWS\SYSTEM32\combase.dll
0x00007ffacee30000 - 0x00007ffacef74000 	C:\WINDOWS\system32\GDI32.dll
0x00007ffacca10000 - 0x00007ffacca24000 	C:\WINDOWS\SYSTEM32\profapi.dll
0x00007ffacbd00000 - 0x00007ffacbd9f000 	C:\WINDOWS\SYSTEM32\SHCORE.dll
0x00007ffaceaa0000 - 0x00007ffacead4000 	C:\WINDOWS\system32\IMM32.DLL
0x00007ffaceaf0000 - 0x00007ffacec29000 	C:\WINDOWS\system32\MSCTF.dll
0x00007ffaca880000 - 0x00007ffacaada000 	C:\WINDOWS\WinSxS\amd64_microsoft.windows.common-controls_6595b64144ccf1df_6.0.9600.17031_none_6242a4b3ecbb55a1\COMCTL32.dll
0x000000006a670000 - 0x000000006a742000 	C:\PROGRA~1\Java\jre7\bin\msvcr100.dll
0x0000000069e90000 - 0x000000006a662000 	C:\PROGRA~1\Java\jre7\bin\server\jvm.dll
0x00007ffaa77b0000 - 0x00007ffaa77b9000 	C:\WINDOWS\SYSTEM32\WSOCK32.dll
0x00007ffacb500000 - 0x00007ffacb51f000 	C:\WINDOWS\SYSTEM32\WINMM.dll
0x00007fface570000 - 0x00007fface577000 	C:\WINDOWS\system32\PSAPI.DLL
0x00007ffaccf20000 - 0x00007ffaccf78000 	C:\WINDOWS\system32\WS2_32.dll
0x00007ffacb4c0000 - 0x00007ffacb4ea000 	C:\WINDOWS\SYSTEM32\WINMMBASE.dll
0x00007ffacf690000 - 0x00007ffacf699000 	C:\WINDOWS\system32\NSI.dll
0x00007ffacced0000 - 0x00007ffaccf1a000 	C:\WINDOWS\SYSTEM32\cfgmgr32.dll
0x00007ffacb790000 - 0x00007ffacb7b6000 	C:\WINDOWS\SYSTEM32\DEVOBJ.dll
0x000000006bbe0000 - 0x000000006bbef000 	C:\PROGRA~1\Java\jre7\bin\verify.dll
0x000000006bbb0000 - 0x000000006bbd8000 	C:\PROGRA~1\Java\jre7\bin\java.dll
0x0000000069e70000 - 0x0000000069e85000 	C:\PROGRA~1\Java\jre7\bin\zip.dll

VM Arguments:
jvm_args: -Xmx1024M -Xss1m -Djava.ext.dirs=G:\Wedge\androidsdk\build-tools\android-4.4W\lib 
java_command: G:\Wedge\androidsdk\build-tools\android-4.4W\lib\dx.jar --dex --output G:\Wedge\AndroidStudioProjects\TallPinesRally2\app\build\intermediates\pre-dexed\debug\internal_impl-21.0.0-4c03537f56309665521347e379a98035c83a41a7.jar G:\Wedge\AndroidStudioProjects\TallPinesRally2\app\build\intermediates\exploded-aar\com.android.support\support-v4\21.0.0\libs\internal_impl-21.0.0.jar
Launcher Type: SUN_STANDARD

Environment Variables:
PATH=C:\Program Files\Common Files\Microsoft Shared\Microsoft Online Services;C:\Program Files (x86)\Common Files\Microsoft Shared\Microsoft Online Services;C:\WINDOWS\system32;C:\WINDOWS;C:\WINDOWS\System32\Wbem;C:\WINDOWS\System32\WindowsPowerShell\v1.0\;C:\Program Files (x86)\Windows Kits\8.1\Windows Performance Toolkit\;C:\Program Files\Microsoft SQL Server\110\Tools\Binn\;C:\Program Files (x86)\ATI Technologies\ATI.ACE\Core-Static;C:\Program Files (x86)\Microsoft SQL Server\110\Tools\Binn\ManagementStudio\;C:\Program Files (x86)\Microsoft SQL Server\110\Tools\Binn\;C:\Program Files (x86)\Microsoft Visual Studio 11.0\Common7\IDE\PrivateAssemblies\;C:\Program Files (x86)\Microsoft SQL Server\110\DTS\Binn\;C:\Program Files (x86)\Microsoft Visual Studio 10.0\Common7\IDE\PrivateAssemblies\;C:\Program Files (x86)\Microsoft ASP.NET\ASP.NET Web Pages\v1.0\;C:\Program Files\Microsoft SQL Server\120\Tools\Binn\;C:\Program Files\Microsoft\Web Platform Installer\;C:\Program Files (x86)\Microsoft SDKs\TypeScript\1.0\;C:\Program Files (x86)\GNU Tools ARM Embedded\4.8 2014q2\bin
USERNAME=Matt
OS=Windows_NT
PROCESSOR_IDENTIFIER=AMD64 Family 21 Model 2 Stepping 0, AuthenticAMD



---------------  S Y S T E M  ---------------

OS: Windows 8.1 , 64 bit Build 9600 

CPU:total 8 (8 cores per cpu, 1 threads per core) family 21 model 2 stepping 0, cmov, cx8, fxsr, mmx, sse, sse2, sse3, ssse3, sse4.1, sse4.2, popcnt, avx, aes, mmxext, 3dnowpref, lzcnt, sse4a, tsc, tscinvbit, tscinv

Memory: 4k page, physical 16720144k(6618288k free), swap 18768144k(5920k free)

vm_info: Java HotSpot(TM) 64-Bit Server VM (24.60-b09) for windows-amd64 JRE (1.7.0_60-b19), built on May  7 2014 12:55:18 by "java_re" with unknown MS VC++:1600

time: Thu Nov 20 22:00:11 2014
elapsed time: 0 seconds

